Waf: Entering directory `/root/zliu/Lomas/simulation/build'
Waf: Leaving directory `/root/zliu/Lomas/simulation/build'
'build' finished successfully (0.646s)
ENABLE_QCN			Yes
USE_DYNAMIC_PFC_THRESHOLD	Yes
PACKET_PAYLOAD_SIZE		1000
TOPOLOGY_FILE			../topo_gen/output/fattree.txt
FLOW_FILE			../traffic_gen/output/EDU2ADVTraffic.txt
TRACE_FILE			../simulation_res/dctcp_EDU2/trace.txt
TRACE_OUTPUT_FILE		../simulation_res/dctcp_EDU2/mix_fattree_EDU2ADVTraffic_dctcp.tr
FCT_OUTPUT_FILE		../simulation_res/dctcp_EDU2/fct_fattree_EDU2ADVTraffic_dctcp.txt
PFC_OUTPUT_FILE				../simulation_res/dctcp_EDU2/pfc_fattree_EDU2ADVTraffic_dctcp.txt
SIMULATOR_STOP_TIME		4
CC_MODE		8
ALPHA_RESUME_INTERVAL		1
RATE_DECREASE_INTERVAL		4
CLAMP_TARGET_RATE		No
RP_TIMER			300
EWMA_GAIN			0.0625
FAST_RECOVERY_TIMES		1
RATE_AI				10Mb/s
RATE_HAI			10Mb/s
MIN_RATE		1000Mb/s
DCTCP_RATE_AI				615Mb/s
ERROR_RATE_PER_LINK		0
L2_CHUNK_SIZE			4000
L2_ACK_INTERVAL			1
L2_BACK_TO_ZERO			No
HAS_WIN		1
GLOBAL_T		1
VAR_WIN		1
FAST_REACT		0
U_TARGET		0.95
MI_THRESH		0
INT_MULTI				1
MULTI_RATE				0
SAMPLE_FEEDBACK				0
PINT_LOG_BASE				1.01
PINT_PROB				1
RATE_BOUND		1
ACK_HIGH_PRIO		0
LINK_DOWN				0 0 0
ENABLE_TRACE				0
KMAX_MAP				 100000000000 300 400000000000 1200
KMIN_MAP				 100000000000 300 400000000000 1200
PMAX_MAP				 100000000000 1 400000000000 1
BUFFER_SIZE				32
QLEN_MON_FILE				../simulation_res/dctcp_EDU2/qlen_fattree_EDU2ADVTraffic_dctcp.txt
QLEN_MON_START				2000000000
QLEN_MON_END				3000000000
maxRtt=120480 maxBdp=1506000
Running Simulation.
7872.91
